#
# A fatal error has been detected by the Java Runtime Environment:
#
#  EXCEPTION_ACCESS_VIOLATION (0xc0000005) at pc=0x00000000024e8520, pid=12708, tid=0x0000000000004074
#
# JRE version: OpenJDK Runtime Environment (8.0_202-b03) (build 1.8.0_202-release-1483-b03)
# Java VM: OpenJDK 64-Bit Server VM (25.202-b03 mixed mode windows-amd64 compressed oops)
# Problematic frame:
# j  org.gradle.api.internal.artifacts.ivyservice.ivyresolve.RepositoryChainDependencyToComponentIdResolver.<init>(Lorg/gradle/api/internal/artifacts/ivyservice/ivyresolve/VersionedComponentChooser;Lorg/gradle/api/Transformer;Lorg/gradle/api/internal/artifacts/ivyservice/ivyresolve/strategy/VersionParser;Lorg/gradle/api/attributes/AttributeContainer;Lorg/gradle/api/internal/attributes/ImmutableAttributesFactory;Lorg/gradle/api/internal/artifacts/ComponentMetadataProcessorFactory;Lorg/gradle/internal/resolve/caching/ComponentMetadataSupplierRuleExecutor;Lorg/gradle/api/internal/artifacts/configurations/dynamicversion/CachePolicy;)V+20
#
# Failed to write core dump. Minidumps are not enabled by default on client versions of Windows
#
# If you would like to submit a bug report, please visit:
#   http://bugreport.java.com/bugreport/crash.jsp
#

---------------  T H R E A D  ---------------

Current thread (0x000000001af4b800):  JavaThread "Daemon worker Thread 6" [_thread_in_Java, id=16500, stack(0x000000001a2e0000,0x000000001a3e0000)]

siginfo: ExceptionCode=0xc0000005, reading address 0xffffffffffffffff

Registers:
RAX=0x00000000e1f79668, RBX=0xcab56fd8cab56fe4, RCX=0x00000000e1f79650, RDX=0x0000000000000001
RSP=0x000000001a3daca8, RBP=0x000000001a3dace8, RSI=0x0000000020002e33, RDI=0x0000000011380000
R8 =0x00000000e1f2faa8, R9 =0x00000000a0000e78, R10=0x0000000065c2a470, R11=0x0000000011380000
R12=0x0000000000000000, R13=0x0000000020493e57, R14=0x000000001a3dad38, R15=0x000000001af4b800
RIP=0x00000000024e8520, EFLAGS=0x0000000000010206

Top of Stack: (sp=0x000000001a3daca8)
0x000000001a3daca8:   000000001a3daca8 0000000020493e54
0x000000001a3dacb8:   000000001a3dad38 00000000204942e0
0x000000001a3dacc8:   0000000000000000 0000000020493ed8
0x000000001a3dacd8:   0000000000000000 000000001a3dacf8
0x000000001a3dace8:   000000001a3dad90 00000000024c809d
0x000000001a3dacf8:   00000000e1f78d20 00000000e1f2fec8
0x000000001a3dad08:   00000000e1f3bef0 00000000e1f215e0
0x000000001a3dad18:   00000000e1f76730 00000000e1e1e228
0x000000001a3dad28:   00000000e1f79640 00000000e1f795e8
0x000000001a3dad38:   00000000e1f79650 00000000e1f79650
0x000000001a3dad48:   00000000e1f795c8 000000001a3dad50
0x000000001a3dad58:   000000002047d83d 000000001a3dadf8
0x000000001a3dad68:   000000002047e018 0000000000000000
0x000000001a3dad78:   000000002047d900 000000001a3dacf8
0x000000001a3dad88:   000000001a3dadb0 000000001a3dae48
0x000000001a3dad98:   00000000024c809d 00000000e1f79640 

Instructions: (pc=0x00000000024e8520)
0x00000000024e8500:   58 41 0f b7 5d 01 48 8b 4d d8 c1 e3 02 8b 54 d9
0x00000000024e8510:   28 48 8b 5c d9 20 c1 ea 15 83 e2 01 59 48 3b 01
0x00000000024e8520:   89 04 19 48 c1 e9 09 c6 04 0d 00 00 38 11 00 85
0x00000000024e8530:   d2 0f 84 05 00 00 00 f0 83 04 24 00 41 0f b6 5d 


Register to memory mapping:

RAX=0x00000000e1f79668 is an oop
org.gradle.api.internal.artifacts.ivyservice.ivyresolve.DynamicVersionResolver 
 - klass: 'org/gradle/api/internal/artifacts/ivyservice/ivyresolve/DynamicVersionResolver'
RBX=0xcab56fd8cab56fe4 is an unknown value
RCX=0x00000000e1f79650 is an oop
org.gradle.api.internal.artifacts.ivyservice.ivyresolve.RepositoryChainDependencyToComponentIdResolver 
 - klass: 'org/gradle/api/internal/artifacts/ivyservice/ivyresolve/RepositoryChainDependencyToComponentIdResolver'
RDX=0x0000000000000001 is an unknown value
RSP=0x000000001a3daca8 is pointing into the stack for thread: 0x000000001af4b800
RBP=0x000000001a3dace8 is pointing into the stack for thread: 0x000000001af4b800
RSI=0x0000000020002e33 is an unknown value
RDI=0x0000000011380000 is an unknown value
R8 =0x00000000e1f2faa8 is an oop
org.gradle.api.internal.artifacts.ivyservice.projectmodule.ProjectDependencyResolver 
 - klass: 'org/gradle/api/internal/artifacts/ivyservice/projectmodule/ProjectDependencyResolver'
R9 =0x00000000a0000e78 is an oop
[Ljava.lang.Object; 
 - klass: 'java/lang/Object'[]
 - length: 0
R10=0x0000000065c2a470 is an unknown value
R11=0x0000000011380000 is an unknown value
R12=0x0000000000000000 is an unknown value
R13=0x0000000020493e57 is pointing into metadata
R14=0x000000001a3dad38 is pointing into the stack for thread: 0x000000001af4b800
R15=0x000000001af4b800 is a thread


Stack: [0x000000001a2e0000,0x000000001a3e0000],  sp=0x000000001a3daca8,  free space=1003k
Native frames: (J=compiled Java code, j=interpreted, Vv=VM code, C=native code)
C  0x00000000024e8520


---------------  P R O C E S S  ---------------

Java Threads: ( => current thread )
  0x000000001af57800 JavaThread "Cache worker for cache directory md-rule (C:\Users\furqo\.gradle\caches\5.4.1\md-rule)" [_thread_blocked, id=4592, stack(0x000000001e650000,0x000000001e750000)]
  0x000000001af56800 JavaThread "Cache worker for cache directory md-supplier (C:\Users\furqo\.gradle\caches\5.4.1\md-supplier)" [_thread_blocked, id=4708, stack(0x000000001e350000,0x000000001e450000)]
  0x000000001af54800 JavaThread "Cache worker for file hash cache (D:\Dokumen Pribadi\Git\JustJava\.gradle\5.4.1\fileHashes)" [_thread_blocked, id=15524, stack(0x000000001e050000,0x000000001e150000)]
  0x000000001af49000 JavaThread "Thread-137" [_thread_blocked, id=16752, stack(0x000000001ade0000,0x000000001aee0000)]
  0x000000001af50000 JavaThread "Stdin handler" [_thread_blocked, id=7608, stack(0x000000001a6e0000,0x000000001a7e0000)]
  0x000000001af4c000 JavaThread "Asynchronous log dispatcher for DefaultDaemonConnection: socket connection from /127.0.0.1:1846 to /127.0.0.1:2898" [_thread_blocked, id=10852, stack(0x000000001a3e0000,0x000000001a4e0000)]
=>0x000000001af4b800 JavaThread "Daemon worker Thread 6" [_thread_in_Java, id=16500, stack(0x000000001a2e0000,0x000000001a3e0000)]
  0x000000001af4d000 JavaThread "Cancel handler" [_thread_blocked, id=15512, stack(0x0000000019fe0000,0x000000001a0e0000)]
  0x000000001af4f000 JavaThread "Handler for socket connection from /127.0.0.1:1846 to /127.0.0.1:2898" [_thread_in_native, id=11488, stack(0x0000000019ee0000,0x0000000019fe0000)]
  0x000000001af4a800 JavaThread "Daemon Thread 6" [_thread_blocked, id=14012, stack(0x00000000007f0000,0x00000000008f0000)]
  0x000000001af4e800 JavaThread "Cache worker for Java compile cache (C:\Users\furqo\.gradle\caches\5.4.1\javaCompile)" [_thread_blocked, id=16064, stack(0x0000000025be0000,0x0000000025ce0000)]
  0x0000000017f04000 JavaThread "Cache worker for file content cache (C:\Users\furqo\.gradle\caches\5.4.1\fileContent)" [_thread_blocked, id=17360, stack(0x0000000022090000,0x0000000022190000)]
  0x000000001daa7000 JavaThread "Memory manager" [_thread_blocked, id=16996, stack(0x0000000000bd0000,0x0000000000cd0000)]
  0x000000001da9d000 JavaThread "Cache worker for execution history cache (C:\Users\furqo\.gradle\caches\5.4.1\executionHistory)" [_thread_blocked, id=14396, stack(0x000000001fc90000,0x000000001fd90000)]
  0x0000000017eff800 JavaThread "Cache worker for journal cache (C:\Users\furqo\.gradle\caches\journal-1)" [_thread_blocked, id=15868, stack(0x000000001abe0000,0x000000001ace0000)]
  0x0000000017f01000 JavaThread "File lock request listener" [_thread_in_native, id=15056, stack(0x000000001a8e0000,0x000000001a9e0000)]
  0x0000000017f05800 JavaThread "Cache worker for file hash cache (C:\Users\furqo\.gradle\caches\5.4.1\fileHashes)" [_thread_blocked, id=9752, stack(0x000000001a7e0000,0x000000001a8e0000)]
  0x0000000018c42000 JavaThread "Daemon periodic checks" [_thread_blocked, id=15484, stack(0x0000000019de0000,0x0000000019ee0000)]
  0x0000000018c41000 JavaThread "Incoming local TCP Connector on port 1846" [_thread_in_native, id=15444, stack(0x0000000019ba0000,0x0000000019ca0000)]
  0x0000000018f60000 JavaThread "Daemon health stats" [_thread_blocked, id=2524, stack(0x0000000019560000,0x0000000019660000)]
  0x0000000015e8e000 JavaThread "Service Thread" daemon [_thread_blocked, id=2276, stack(0x0000000017b90000,0x0000000017c90000)]
  0x0000000017698800 JavaThread "C1 CompilerThread2" daemon [_thread_blocked, id=14500, stack(0x0000000017a90000,0x0000000017b90000)]
  0x0000000015e86000 JavaThread "C2 CompilerThread1" daemon [_thread_blocked, id=15608, stack(0x0000000017590000,0x0000000017690000)]
  0x0000000015e3a800 JavaThread "C2 CompilerThread0" daemon [_thread_blocked, id=6352, stack(0x0000000017490000,0x0000000017590000)]
  0x0000000015e39000 JavaThread "Attach Listener" daemon [_thread_blocked, id=16080, stack(0x0000000017390000,0x0000000017490000)]
  0x0000000015e37800 JavaThread "Signal Dispatcher" daemon [_thread_blocked, id=15040, stack(0x0000000017290000,0x0000000017390000)]
  0x00000000024b6800 JavaThread "Finalizer" daemon [_thread_blocked, id=11732, stack(0x0000000017090000,0x0000000017190000)]
  0x0000000015e19000 JavaThread "Reference Handler" daemon [_thread_blocked, id=1960, stack(0x0000000016f90000,0x0000000017090000)]
  0x00000000023c2800 JavaThread "main" [_thread_blocked, id=15204, stack(0x0000000002270000,0x0000000002370000)]

Other Threads:
  0x0000000015df8000 VMThread [stack: 0x0000000016e90000,0x0000000016f90000] [id=15588]
  0x000000001769a800 WatcherThread [stack: 0x0000000017c90000,0x0000000017d90000] [id=16040]

VM state:not at safepoint (normal execution)

VM Mutex/Monitor currently owned by a thread: None

heap address: 0x00000000a0000000, size: 1536 MB, Compressed Oops mode: 32-bit
Narrow klass base: 0x0000000000000000, Narrow klass shift: 3
Compressed class space size: 1073741824 Address: 0x0000000100000000

Heap:
 PSYoungGen      total 146944K, used 43854K [0x00000000e0000000, 0x00000000eaf00000, 0x0000000100000000)
  eden space 135168K, 23% used [0x00000000e0000000,0x00000000e1f862d8,0x00000000e8400000)
  from space 11776K, 98% used [0x00000000e8780000,0x00000000e92cd720,0x00000000e9300000)
  to   space 22016K, 0% used [0x00000000e9980000,0x00000000e9980000,0x00000000eaf00000)
 ParOldGen       total 162304K, used 59864K [0x00000000a0000000, 0x00000000a9e80000, 0x00000000e0000000)
  object space 162304K, 36% used [0x00000000a0000000,0x00000000a3a763e0,0x00000000a9e80000)
 Metaspace       used 88746K, capacity 93194K, committed 93440K, reserved 1130496K
  class space    used 11654K, capacity 12539K, committed 12544K, reserved 1048576K

Card table byte_map: [0x0000000011880000,0x0000000011b90000] byte_map_base: 0x0000000011380000

Marking Bits: (ParMarkBitMap*) 0x0000000065c39f30
 Begin Bits: [0x0000000012190000, 0x0000000013990000)
 End Bits:   [0x0000000013990000, 0x0000000015190000)

Polling page: 0x0000000000980000

CodeCache: size=245760Kb used=45562Kb max_used=45566Kb free=200197Kb
 bounds [0x00000000024c0000, 0x00000000051a0000, 0x00000000114c0000]
 total_blobs=14612 nmethods=13753 adapters=771
 compilation: enabled

Compilation events (10 events):
Event: 3453.180 Thread 0x0000000017698800 nmethod 16957 0x0000000004fd1f90 code [0x0000000004fd22e0, 0x0000000004fd4308]
Event: 3453.181 Thread 0x0000000015e86000 nmethod 16958 0x0000000002fb88d0 code [0x0000000002fb8a00, 0x0000000002fb8c78]
Event: 3453.182 Thread 0x0000000017698800 16959       3       java.math.MutableBigInteger::toBigInteger (28 bytes)
Event: 3453.182 Thread 0x0000000017698800 nmethod 16959 0x0000000002a43790 code [0x0000000002a43900, 0x0000000002a43bb8]
Event: 3453.184 Thread 0x0000000017698800 16960       3       org.gradle.api.internal.artifacts.repositories.DefaultMavenArtifactRepository_Decorated::getName (37 bytes)
Event: 3453.185 Thread 0x0000000017698800 nmethod 16960 0x0000000003157c50 code [0x0000000003157e20, 0x0000000003158548]
Event: 3453.185 Thread 0x0000000017698800 16961       3       org.gradle.internal.service.DefaultServiceRegistry$FactoryService::getAll (26 bytes)
Event: 3453.185 Thread 0x0000000017698800 nmethod 16961 0x00000000037822d0 code [0x0000000003782480, 0x00000000037829c8]
Event: 3453.185 Thread 0x0000000017698800 16962       3       org.gradle.internal.service.DefaultServiceRegistry$CollectingVisitor::visit (12 bytes)
Event: 3453.185 Thread 0x0000000017698800 nmethod 16962 0x0000000003b66950 code [0x0000000003b66ac0, 0x0000000003b66ce8]

GC Heap History (10 events):
Event: 528.888 GC heap before
{Heap before GC invocations=18 (full 3):
 PSYoungGen      total 166400K, used 166369K [0x00000000e0000000, 0x00000000ec880000, 0x0000000100000000)
  eden space 150016K, 100% used [0x00000000e0000000,0x00000000e9280000,0x00000000e9280000)
  from space 16384K, 99% used [0x00000000ea780000,0x00000000eb778500,0x00000000eb780000)
  to   space 21504K, 0% used [0x00000000e9280000,0x00000000e9280000,0x00000000ea780000)
 ParOldGen       total 162304K, used 40077K [0x00000000a0000000, 0x00000000a9e80000, 0x00000000e0000000)
  object space 162304K, 24% used [0x00000000a0000000,0x00000000a2723468,0x00000000a9e80000)
 Metaspace       used 77418K, capacity 80476K, committed 80768K, reserved 1120256K
  class space    used 10115K, capacity 10778K, committed 10880K, reserved 1048576K
Event: 528.924 GC heap after
Heap after GC invocations=18 (full 3):
 PSYoungGen      total 171520K, used 21489K [0x00000000e0000000, 0x00000000ed980000, 0x0000000100000000)
  eden space 150016K, 0% used [0x00000000e0000000,0x00000000e0000000,0x00000000e9280000)
  from space 21504K, 99% used [0x00000000e9280000,0x00000000ea77c5d0,0x00000000ea780000)
  to   space 26112K, 0% used [0x00000000ec000000,0x00000000ec000000,0x00000000ed980000)
 ParOldGen       total 162304K, used 44602K [0x00000000a0000000, 0x00000000a9e80000, 0x00000000e0000000)
  object space 162304K, 27% used [0x00000000a0000000,0x00000000a2b8eb08,0x00000000a9e80000)
 Metaspace       used 77418K, capacity 80476K, committed 80768K, reserved 1120256K
  class space    used 10115K, capacity 10778K, committed 10880K, reserved 1048576K
}
Event: 2357.418 GC heap before
{Heap before GC invocations=19 (full 3):
 PSYoungGen      total 171520K, used 171505K [0x00000000e0000000, 0x00000000ed980000, 0x0000000100000000)
  eden space 150016K, 100% used [0x00000000e0000000,0x00000000e9280000,0x00000000e9280000)
  from space 21504K, 99% used [0x00000000e9280000,0x00000000ea77c5d0,0x00000000ea780000)
  to   space 26112K, 0% used [0x00000000ec000000,0x00000000ec000000,0x00000000ed980000)
 ParOldGen       total 162304K, used 44602K [0x00000000a0000000, 0x00000000a9e80000, 0x00000000e0000000)
  object space 162304K, 27% used [0x00000000a0000000,0x00000000a2b8eb08,0x00000000a9e80000)
 Metaspace       used 86914K, capacity 91024K, committed 91264K, reserved 1128448K
  class space    used 11581K, capacity 12396K, committed 12416K, reserved 1048576K
Event: 2357.475 GC heap after
Heap after GC invocations=19 (full 3):
 PSYoungGen      total 159232K, used 12877K [0x00000000e0000000, 0x00000000ecd00000, 0x0000000100000000)
  eden space 145920K, 0% used [0x00000000e0000000,0x00000000e0000000,0x00000000e8e80000)
  from space 13312K, 96% used [0x00000000ec000000,0x00000000ecc934d0,0x00000000ecd00000)
  to   space 25088K, 0% used [0x00000000e9c00000,0x00000000e9c00000,0x00000000eb480000)
 ParOldGen       total 162304K, used 59840K [0x00000000a0000000, 0x00000000a9e80000, 0x00000000e0000000)
  object space 162304K, 36% used [0x00000000a0000000,0x00000000a3a703e0,0x00000000a9e80000)
 Metaspace       used 86914K, capacity 91024K, committed 91264K, reserved 1128448K
  class space    used 11581K, capacity 12396K, committed 12416K, reserved 1048576K
}
Event: 2361.401 GC heap before
{Heap before GC invocations=20 (full 3):
 PSYoungGen      total 159232K, used 158797K [0x00000000e0000000, 0x00000000ecd00000, 0x0000000100000000)
  eden space 145920K, 100% used [0x00000000e0000000,0x00000000e8e80000,0x00000000e8e80000)
  from space 13312K, 96% used [0x00000000ec000000,0x00000000ecc934d0,0x00000000ecd00000)
  to   space 25088K, 0% used [0x00000000e9c00000,0x00000000e9c00000,0x00000000eb480000)
 ParOldGen       total 162304K, used 59840K [0x00000000a0000000, 0x00000000a9e80000, 0x00000000e0000000)
  object space 162304K, 36% used [0x00000000a0000000,0x00000000a3a703e0,0x00000000a9e80000)
 Metaspace       used 87358K, capacity 91436K, committed 91520K, reserved 1128448K
  class space    used 11583K, capacity 12400K, committed 12416K, reserved 1048576K
Event: 2361.421 GC heap after
Heap after GC invocations=20 (full 3):
 PSYoungGen      total 153600K, used 10865K [0x00000000e0000000, 0x00000000ec080000, 0x0000000100000000)
  eden space 142336K, 0% used [0x00000000e0000000,0x00000000e0000000,0x00000000e8b00000)
  from space 11264K, 96% used [0x00000000e9c00000,0x00000000ea69c4c8,0x00000000ea700000)
  to   space 24064K, 0% used [0x00000000ea900000,0x00000000ea900000,0x00000000ec080000)
 ParOldGen       total 162304K, used 59848K [0x00000000a0000000, 0x00000000a9e80000, 0x00000000e0000000)
  object space 162304K, 36% used [0x00000000a0000000,0x00000000a3a723e0,0x00000000a9e80000)
 Metaspace       used 87358K, capacity 91436K, committed 91520K, reserved 1128448K
  class space    used 11583K, capacity 12400K, committed 12416K, reserved 1048576K
}
Event: 2625.735 GC heap before
{Heap before GC invocations=21 (full 3):
 PSYoungGen      total 153600K, used 153201K [0x00000000e0000000, 0x00000000ec080000, 0x0000000100000000)
  eden space 142336K, 100% used [0x00000000e0000000,0x00000000e8b00000,0x00000000e8b00000)
  from space 11264K, 96% used [0x00000000e9c00000,0x00000000ea69c4c8,0x00000000ea700000)
  to   space 24064K, 0% used [0x00000000ea900000,0x00000000ea900000,0x00000000ec080000)
 ParOldGen       total 162304K, used 59848K [0x00000000a0000000, 0x00000000a9e80000, 0x00000000e0000000)
  object space 162304K, 36% used [0x00000000a0000000,0x00000000a3a723e0,0x00000000a9e80000)
 Metaspace       used 88201K, capacity 92490K, committed 92672K, reserved 1130496K
  class space    used 11634K, capacity 12475K, committed 12544K, reserved 1048576K
Event: 2625.787 GC heap after
Heap after GC invocations=21 (full 3):
 PSYoungGen      total 150528K, used 10900K [0x00000000e0000000, 0x00000000eb480000, 0x0000000100000000)
  eden space 138752K, 0% used [0x00000000e0000000,0x00000000e0000000,0x00000000e8780000)
  from space 11776K, 92% used [0x00000000ea900000,0x00000000eb3a52b8,0x00000000eb480000)
  to   space 23040K, 0% used [0x00000000e8780000,0x00000000e8780000,0x00000000e9e00000)
 ParOldGen       total 162304K, used 59856K [0x00000000a0000000, 0x00000000a9e80000, 0x00000000e0000000)
  object space 162304K, 36% used [0x00000000a0000000,0x00000000a3a743e0,0x00000000a9e80000)
 Metaspace       used 88201K, capacity 92490K, committed 92672K, reserved 1130496K
  class space    used 11634K, capacity 12475K, committed 12544K, reserved 1048576K
}
Event: 2740.688 GC heap before
{Heap before GC invocations=22 (full 3):
 PSYoungGen      total 150528K, used 149652K [0x00000000e0000000, 0x00000000eb480000, 0x0000000100000000)
  eden space 138752K, 100% used [0x00000000e0000000,0x00000000e8780000,0x00000000e8780000)
  from space 11776K, 92% used [0x00000000ea900000,0x00000000eb3a52b8,0x00000000eb480000)
  to   space 23040K, 0% used [0x00000000e8780000,0x00000000e8780000,0x00000000e9e00000)
 ParOldGen       total 162304K, used 59856K [0x00000000a0000000, 0x00000000a9e80000, 0x00000000e0000000)
  object space 162304K, 36% used [0x00000000a0000000,0x00000000a3a743e0,0x00000000a9e80000)
 Metaspace       used 88616K, capacity 93024K, committed 93184K, reserved 1130496K
  class space    used 11651K, capacity 12534K, committed 12544K, reserved 1048576K
Event: 2740.728 GC heap after
Heap after GC invocations=22 (full 3):
 PSYoungGen      total 146944K, used 11573K [0x00000000e0000000, 0x00000000eaf00000, 0x0000000100000000)
  eden space 135168K, 0% used [0x00000000e0000000,0x00000000e0000000,0x00000000e8400000)
  from space 11776K, 98% used [0x00000000e8780000,0x00000000e92cd720,0x00000000e9300000)
  to   space 22016K, 0% used [0x00000000e9980000,0x00000000e9980000,0x00000000eaf00000)
 ParOldGen       total 162304K, used 59864K [0x00000000a0000000, 0x00000000a9e80000, 0x00000000e0000000)
  object space 162304K, 36% used [0x00000000a0000000,0x00000000a3a763e0,0x00000000a9e80000)
 Metaspace       used 88616K, capacity 93024K, committed 93184K, reserved 1130496K
  class space    used 11651K, capacity 12534K, committed 12544K, reserved 1048576K
}

Deoptimization events (10 events):
Event: 2740.839 Thread 0x000000001af49000 Uncommon trap: reason=array_check action=maybe_recompile pc=0x0000000003cfac48 method=java.util.TimSort.reverseRange([Ljava/lang/Object;II)V @ 20
Event: 2740.839 Thread 0x000000001af49000 Uncommon trap: reason=array_check action=maybe_recompile pc=0x0000000003cfac48 method=java.util.TimSort.reverseRange([Ljava/lang/Object;II)V @ 20
Event: 2740.839 Thread 0x000000001af49000 Uncommon trap: reason=array_check action=maybe_recompile pc=0x0000000004ff5b78 method=java.util.TimSort.reverseRange([Ljava/lang/Object;II)V @ 20
Event: 2740.854 Thread 0x000000001af49000 Uncommon trap: reason=array_check action=maybe_recompile pc=0x00000000051434a8 method=java.util.TimSort.reverseRange([Ljava/lang/Object;II)V @ 27
Event: 2740.854 Thread 0x000000001af49000 Uncommon trap: reason=array_check action=maybe_recompile pc=0x00000000051434a8 method=java.util.TimSort.reverseRange([Ljava/lang/Object;II)V @ 27
Event: 2741.063 Thread 0x000000001af50800 Uncommon trap: reason=class_check action=maybe_recompile pc=0x00000000025f3238 method=java.util.zip.InflaterInputStream.read([BII)I @ 100
Event: 2741.215 Thread 0x0000000023ac7000 Uncommon trap: reason=unstable_if action=reinterpret pc=0x0000000004db3d54 method=sun.nio.ch.IOUtil.writeFromNativeBuffer(Ljava/io/FileDescriptor;Ljava/nio/ByteBuffer;JLsun/nio/ch/NativeDispatcher;)I @ 121
Event: 2741.215 Thread 0x0000000023ac7000 Uncommon trap: reason=unstable_if action=reinterpret pc=0x0000000004e628ac method=sun.nio.ch.IOStatus.normalize(I)I @ 3
Event: 2741.216 Thread 0x0000000023ac7000 Uncommon trap: reason=unstable_if action=reinterpret pc=0x0000000002911b38 method=org.gradle.internal.remote.internal.inet.SocketConnection$SocketOutputStream.writeWithNonBlockingRetry()I @ 41
Event: 3453.170 Thread 0x000000001af4b800 Uncommon trap: reason=class_check action=maybe_recompile pc=0x0000000003b5d664 method=org.gradle.internal.work.DefaultWorkerLeaseService$DefaultWorkerLease.acquireLock()Z @ 4

Classes redefined (0 events):
No events

Internal exceptions (10 events):
Event: 2626.154 Thread 0x0000000023ac8000 Exception <a 'sun/nio/fs/WindowsException'> (0x00000000e0974290) thrown at [D:\src\AOSP-openjdk-cygwin\jdk8u\hotspot\src\share\vm\prims\jni.cpp, line 710]
Event: 2626.521 Thread 0x0000000023ac5000 Exception <a 'sun/nio/fs/WindowsException'> (0x00000000e1121a50) thrown at [D:\src\AOSP-openjdk-cygwin\jdk8u\hotspot\src\share\vm\prims\jni.cpp, line 710]
Event: 2626.696 Thread 0x0000000023ac9800 Exception <a 'sun/nio/fs/WindowsException'> (0x00000000e1ac5328) thrown at [D:\src\AOSP-openjdk-cygwin\jdk8u\hotspot\src\share\vm\prims\jni.cpp, line 710]
Event: 2626.899 Thread 0x000000001af4d000 Exception <a 'sun/nio/fs/WindowsException'> (0x00000000e2523f00) thrown at [D:\src\AOSP-openjdk-cygwin\jdk8u\hotspot\src\share\vm\prims\jni.cpp, line 710]
Event: 2739.220 Thread 0x0000000023ac4000 Exception <a 'sun/nio/fs/WindowsException'> (0x00000000e3250500) thrown at [D:\src\AOSP-openjdk-cygwin\jdk8u\hotspot\src\share\vm\prims\jni.cpp, line 710]
Event: 2740.457 Thread 0x000000001af50000 Exception <a 'sun/nio/fs/WindowsException'> (0x00000000e7e847f0) thrown at [D:\src\AOSP-openjdk-cygwin\jdk8u\hotspot\src\share\vm\prims\jni.cpp, line 710]
Event: 2740.526 Thread 0x000000001af50000 Exception <a 'sun/nio/fs/WindowsException'> (0x00000000e7fd1d80) thrown at [D:\src\AOSP-openjdk-cygwin\jdk8u\hotspot\src\share\vm\prims\jni.cpp, line 710]
Event: 2740.685 Thread 0x000000001af49000 Exception <a 'sun/nio/fs/WindowsException'> (0x00000000e8761fd0) thrown at [D:\src\AOSP-openjdk-cygwin\jdk8u\hotspot\src\share\vm\prims\jni.cpp, line 710]
Event: 2740.939 Thread 0x000000001af4a800 Exception <a 'sun/nio/fs/WindowsException'> (0x00000000e0a34c10) thrown at [D:\src\AOSP-openjdk-cygwin\jdk8u\hotspot\src\share\vm\prims\jni.cpp, line 710]
Event: 2741.214 Thread 0x0000000023ac4000 Exception <a 'sun/nio/fs/WindowsException'> (0x00000000e1533578) thrown at [D:\src\AOSP-openjdk-cygwin\jdk8u\hotspot\src\share\vm\prims\jni.cpp, line 710]

Events (10 events):
Event: 3453.169 Executing VM operation: RevokeBias done
Event: 3453.169 Executing VM operation: RevokeBias
Event: 3453.169 Executing VM operation: RevokeBias done
Event: 3453.169 Executing VM operation: RevokeBias
Event: 3453.169 Executing VM operation: RevokeBias done
Event: 3453.170 Thread 0x000000001af4b800 Uncommon trap: trap_request=0xffffffde fr.pc=0x0000000003b5d664
Event: 3453.170 Thread 0x000000001af4b800 DEOPT PACKING pc=0x0000000003b5d664 sp=0x000000001a3dce60
Event: 3453.170 Thread 0x000000001af4b800 DEOPT UNPACKING pc=0x000000000250557b sp=0x000000001a3dcdc0 mode 2
Event: 3453.186 Thread 0x000000001af56800 Thread added: 0x000000001af56800
Event: 3453.188 Thread 0x000000001af57800 Thread added: 0x000000001af57800


Dynamic libraries:
0x00007ff649c90000 - 0x00007ff649cc1000 	C:\Program Files\Android\Android Studio\jre\bin\java.exe
0x00007ff87d1a0000 - 0x00007ff87d390000 	C:\WINDOWS\SYSTEM32\ntdll.dll
0x00007ff87c780000 - 0x00007ff87c832000 	C:\WINDOWS\System32\KERNEL32.DLL
0x00007ff87a9d0000 - 0x00007ff87ac73000 	C:\WINDOWS\System32\KERNELBASE.dll
0x00007ff87cb20000 - 0x00007ff87cbc3000 	C:\WINDOWS\System32\ADVAPI32.dll
0x00007ff87c510000 - 0x00007ff87c5ae000 	C:\WINDOWS\System32\msvcrt.dll
0x00007ff87c6e0000 - 0x00007ff87c777000 	C:\WINDOWS\System32\sechost.dll
0x00007ff87cbd0000 - 0x00007ff87ccf0000 	C:\WINDOWS\System32\RPCRT4.dll
0x00007ff87ba80000 - 0x00007ff87bc14000 	C:\WINDOWS\System32\USER32.dll
0x00007ff87b120000 - 0x00007ff87b141000 	C:\WINDOWS\System32\win32u.dll
0x00007ff87c630000 - 0x00007ff87c656000 	C:\WINDOWS\System32\GDI32.dll
0x00007ff87af20000 - 0x00007ff87b0b4000 	C:\WINDOWS\System32\gdi32full.dll
0x00007ff87a130000 - 0x00007ff87a1ce000 	C:\WINDOWS\System32\msvcp_win.dll
0x00007ff87adf0000 - 0x00007ff87aeea000 	C:\WINDOWS\System32\ucrtbase.dll
0x00007ff869d50000 - 0x00007ff869fd5000 	C:\WINDOWS\WinSxS\amd64_microsoft.windows.common-controls_6595b64144ccf1df_6.0.18362.418_none_e6c6b287130d565d\COMCTL32.dll
0x00007ff87bc60000 - 0x00007ff87bf96000 	C:\WINDOWS\System32\combase.dll
0x00007ff87a1d0000 - 0x00007ff87a250000 	C:\WINDOWS\System32\bcryptPrimitives.dll
0x00007ff87bc30000 - 0x00007ff87bc5e000 	C:\WINDOWS\System32\IMM32.DLL
0x0000000065390000 - 0x0000000065462000 	C:\Program Files\Android\Android Studio\jre\jre\bin\msvcr100.dll
0x0000000065470000 - 0x0000000065cb6000 	C:\Program Files\Android\Android Studio\jre\jre\bin\server\jvm.dll
0x00007ff87bc20000 - 0x00007ff87bc28000 	C:\WINDOWS\System32\PSAPI.DLL
0x00007ff878b30000 - 0x00007ff878b39000 	C:\WINDOWS\SYSTEM32\WSOCK32.dll
0x00007ff87cab0000 - 0x00007ff87cb1f000 	C:\WINDOWS\System32\WS2_32.dll
0x00007ff873fb0000 - 0x00007ff873fd4000 	C:\WINDOWS\SYSTEM32\WINMM.dll
0x00007ff871430000 - 0x00007ff87143a000 	C:\WINDOWS\SYSTEM32\VERSION.dll
0x00007ff873f80000 - 0x00007ff873fad000 	C:\WINDOWS\SYSTEM32\WINMMBASE.dll
0x00007ff87b200000 - 0x00007ff87b24a000 	C:\WINDOWS\System32\cfgmgr32.dll
0x00007ff871ae0000 - 0x00007ff871aef000 	C:\Program Files\Android\Android Studio\jre\jre\bin\verify.dll
0x00007ff82c320000 - 0x00007ff82c349000 	C:\Program Files\Android\Android Studio\jre\jre\bin\java.dll
0x00007ff871760000 - 0x00007ff871776000 	C:\Program Files\Android\Android Studio\jre\jre\bin\zip.dll
0x00007ff87b250000 - 0x00007ff87b935000 	C:\WINDOWS\System32\SHELL32.dll
0x00007ff87c840000 - 0x00007ff87c8e9000 	C:\WINDOWS\System32\shcore.dll
0x00007ff87a250000 - 0x00007ff87a9cf000 	C:\WINDOWS\System32\windows.storage.dll
0x00007ff87a0f0000 - 0x00007ff87a10f000 	C:\WINDOWS\System32\profapi.dll
0x00007ff87a080000 - 0x00007ff87a0ca000 	C:\WINDOWS\System32\powrprof.dll
0x00007ff87a070000 - 0x00007ff87a080000 	C:\WINDOWS\System32\UMPDC.dll
0x00007ff87c5b0000 - 0x00007ff87c602000 	C:\WINDOWS\System32\shlwapi.dll
0x00007ff87a0d0000 - 0x00007ff87a0e1000 	C:\WINDOWS\System32\kernel.appcore.dll
0x00007ff87add0000 - 0x00007ff87ade7000 	C:\WINDOWS\System32\cryptsp.dll
0x00007ff82c300000 - 0x00007ff82c31a000 	C:\Program Files\Android\Android Studio\jre\jre\bin\net.dll
0x00007ff879890000 - 0x00007ff8798f7000 	C:\WINDOWS\system32\mswsock.dll
0x00007ff82c2e0000 - 0x00007ff82c2f1000 	C:\Program Files\Android\Android Studio\jre\jre\bin\nio.dll
0x00007ff8496c0000 - 0x00007ff8496e6000 	C:\Users\furqo\.gradle\native\29\windows-amd64\native-platform.dll
0x00007ff871ad0000 - 0x00007ff871add000 	C:\Program Files\Android\Android Studio\jre\jre\bin\management.dll
0x00007ff879410000 - 0x00007ff879443000 	C:\WINDOWS\system32\rsaenh.dll
0x00007ff87aef0000 - 0x00007ff87af16000 	C:\WINDOWS\System32\bcrypt.dll
0x00007ff879f90000 - 0x00007ff879fb5000 	C:\WINDOWS\SYSTEM32\USERENV.dll
0x00007ff879a10000 - 0x00007ff879a1c000 	C:\WINDOWS\SYSTEM32\CRYPTBASE.dll
0x00007ff8795b0000 - 0x00007ff8795ea000 	C:\WINDOWS\SYSTEM32\IPHLPAPI.DLL
0x00007ff87c2f0000 - 0x00007ff87c2f8000 	C:\WINDOWS\System32\NSI.dll
0x00007ff870500000 - 0x00007ff870516000 	C:\WINDOWS\SYSTEM32\dhcpcsvc6.DLL
0x00007ff871900000 - 0x00007ff87191c000 	C:\WINDOWS\SYSTEM32\dhcpcsvc.DLL
0x00007ff8795f0000 - 0x00007ff8796ba000 	C:\WINDOWS\SYSTEM32\DNSAPI.dll
0x00007ff878910000 - 0x00007ff878b04000 	C:\WINDOWS\SYSTEM32\dbghelp.dll

VM Arguments:
jvm_args: -Xmx1536m -Dfile.encoding=windows-1252 -Duser.country=ID -Duser.language=in -Duser.variant 
java_command: org.gradle.launcher.daemon.bootstrap.GradleDaemon 5.4.1
java_class_path (initial): C:\Users\furqo\.gradle\wrapper\dists\gradle-5.4.1-all\3221gyojl5jsh0helicew7rwx\gradle-5.4.1\lib\gradle-launcher-5.4.1.jar
Launcher Type: SUN_STANDARD

Environment Variables:
CLASSPATH=C:\Lindoapi\lib\win64\lindo12_0.jar;D:\LINGO64_18\Lingo18.jar
PATH=C:\Lindoapi\bin\win64;C:\Program Files (x86)\Common Files\Oracle\Java\javapath;C:\ProgramData\Oracle\Java\javapath;C:\Windows\system32;C:\Windows;C:\Windows\System32\Wbem;C:\Windows\System32\WindowsPowerShell\v1.0\;C:\Windows\System32\OpenSSH\;C:\Program Files (x86)\NVIDIA Corporation\PhysX\Common;C:\Users\furqo\AppData\Local\Microsoft\WindowsApps;C:\Program Files\Microsoft VS Code\bin;C:\adb;C:\ProgramData\ComposerSetup\bin;D:\xampp-5.6\php;C:\FPC\3.0.4\bin\i386-Win32;C:\Program Files (x86)\Windows Kits\10\Windows Performance Toolkit\;C:\Program Files\Microsoft SQL Server\130\Tools\Binn\;C:\Program Files\dotnet\;C:\Program Files (x86)\GtkSharp\2.12\bin;C:\Go\bin;C:\Program Files (x86)\firebird\firebird_2_1\bin\;C:\Program Files\NVIDIA Corporation\NVIDIA NvDLISR;C:\Program Files\Git\cmd;C:\WINDOWS\system32;C:\WINDOWS;C:\WINDOWS\System32\Wbem;C:\WINDOWS\System32\WindowsPowerShell\v1.0\;C:\WINDOWS\System32\OpenSSH\;D:\LINGO64_18\;D:\xampp-7.2.4\php;C:\Users\furqo\AppData\Local\Programs\Python\Python37\Scripts\;C:\Users\furqo\AppData\Local\Programs\Python\Python37\;C:\Users\furqo\AppData\Local\Microsoft\WindowsApps;;C:\Program Files\Microsoft VS Code\bin;C:\Users\furqo\AppData\Roaming\Composer\vendor\bin;%GOPATH%\bin;C:\Users\furqo\AppData\Local\Programs\Microsoft VS Code\bin
USERNAME=furqo
OS=Windows_NT
PROCESSOR_IDENTIFIER=Intel64 Family 6 Model 69 Stepping 1, GenuineIntel



---------------  S Y S T E M  ---------------

OS: Windows 10.0 , 64 bit Build 18362 (10.0.18362.329)

CPU:total 4 (initial active 4) (2 cores per cpu, 2 threads per core) family 6 model 69 stepping 1, cmov, cx8, fxsr, mmx, sse, sse2, sse3, ssse3, sse4.1, sse4.2, popcnt, avx, avx2, aes, clmul, erms, lzcnt, ht, tsc, tscinvbit, bmi1, bmi2

Memory: 4k page, physical 12469376k(3988800k free), swap 25052288k(15326952k free)

vm_info: OpenJDK 64-Bit Server VM (25.202-b03) for windows-amd64 JRE (1.8.0_202-release-1483-b03), built by "builder" with MS VC++ 10.0 (VS2010)

time: Thu Oct 31 09:29:09 2019
timezone: SE Asia Standard Time
elapsed time: 3453 seconds (0d 0h 57m 33s)

